<?xml version="1.0" encoding="UTF-8"?>
<testng-results ignored="0" total="13" passed="13" failed="0" skipped="0">
  <reporter-output>
  </reporter-output>
  <suite started-at="2025-03-04T23:39:30 GMT+06:00" name="Default suite" finished-at="2025-03-04T23:40:14 GMT+06:00" duration-ms="43409">
    <groups>
    </groups>
    <test started-at="2025-03-04T23:39:30 GMT+06:00" name="Default test" finished-at="2025-03-04T23:40:14 GMT+06:00" duration-ms="43409">
      <class name="com.ShoppingDemo.TestNG">
        <test-method is-config="true" signature="setup()[pri:0, instance:com.ShoppingDemo.TestNG@65fb9ffc]" started-at="2025-03-04T23:39:30 GMT+06:00" name="setup" finished-at="2025-03-04T23:39:35 GMT+06:00" duration-ms="4864" status="PASS">
          <reporter-output>
          </reporter-output>
        </test-method> <!-- setup -->
        <test-method signature="verifyPageTitle()[pri:1, instance:com.ShoppingDemo.TestNG@65fb9ffc]" started-at="2025-03-04T23:39:35 GMT+06:00" name="verifyPageTitle" finished-at="2025-03-04T23:39:37 GMT+06:00" duration-ms="1497" status="PASS">
          <reporter-output>
          </reporter-output>
        </test-method> <!-- verifyPageTitle -->
        <test-method signature="verifyTakingInputs()[pri:2, instance:com.ShoppingDemo.TestNG@65fb9ffc]" started-at="2025-03-04T23:39:37 GMT+06:00" name="verifyTakingInputs" finished-at="2025-03-04T23:39:40 GMT+06:00" duration-ms="3466" status="PASS">
          <reporter-output>
          </reporter-output>
        </test-method> <!-- verifyTakingInputs -->
        <test-method signature="verifyInvalidDataInputs()[pri:3, instance:com.ShoppingDemo.TestNG@65fb9ffc]" started-at="2025-03-04T23:39:40 GMT+06:00" name="verifyInvalidDataInputs" finished-at="2025-03-04T23:39:43 GMT+06:00" duration-ms="2668" status="PASS">
          <reporter-output>
          </reporter-output>
        </test-method> <!-- verifyInvalidDataInputs -->
        <test-method signature="verifyLogin()[pri:4, instance:com.ShoppingDemo.TestNG@65fb9ffc]" started-at="2025-03-04T23:39:43 GMT+06:00" name="verifyLogin" finished-at="2025-03-04T23:39:45 GMT+06:00" duration-ms="2396" status="PASS">
          <reporter-output>
          </reporter-output>
        </test-method> <!-- verifyLogin -->
        <test-method signature="addToCartfromProductDetails()[pri:5, instance:com.ShoppingDemo.TestNG@65fb9ffc]" started-at="2025-03-04T23:39:45 GMT+06:00" name="addToCartfromProductDetails" finished-at="2025-03-04T23:39:49 GMT+06:00" duration-ms="3425" status="PASS">
          <reporter-output>
          </reporter-output>
        </test-method> <!-- addToCartfromProductDetails -->
        <test-method signature="verifyClickBackToProducts()[pri:6, instance:com.ShoppingDemo.TestNG@65fb9ffc]" started-at="2025-03-04T23:39:49 GMT+06:00" name="verifyClickBackToProducts" finished-at="2025-03-04T23:39:50 GMT+06:00" duration-ms="1745" status="PASS">
          <reporter-output>
          </reporter-output>
        </test-method> <!-- verifyClickBackToProducts -->
        <test-method signature="verifyOpenCart()[pri:7, instance:com.ShoppingDemo.TestNG@65fb9ffc]" started-at="2025-03-04T23:39:50 GMT+06:00" name="verifyOpenCart" finished-at="2025-03-04T23:39:52 GMT+06:00" duration-ms="1693" status="PASS">
          <reporter-output>
          </reporter-output>
        </test-method> <!-- verifyOpenCart -->
        <test-method signature="verifyGoingBackToInventory()[pri:8, instance:com.ShoppingDemo.TestNG@65fb9ffc]" started-at="2025-03-04T23:39:52 GMT+06:00" name="verifyGoingBackToInventory" finished-at="2025-03-04T23:39:55 GMT+06:00" duration-ms="3356" status="PASS">
          <reporter-output>
          </reporter-output>
        </test-method> <!-- verifyGoingBackToInventory -->
        <test-method signature="verifyAddingToCartFromInventory()[pri:9, instance:com.ShoppingDemo.TestNG@65fb9ffc]" started-at="2025-03-04T23:39:55 GMT+06:00" name="verifyAddingToCartFromInventory" finished-at="2025-03-04T23:39:57 GMT+06:00" duration-ms="1818" status="PASS">
          <reporter-output>
          </reporter-output>
        </test-method> <!-- verifyAddingToCartFromInventory -->
        <test-method signature="verifyRemovingItemFromCart()[pri:10, instance:com.ShoppingDemo.TestNG@65fb9ffc]" started-at="2025-03-04T23:39:57 GMT+06:00" name="verifyRemovingItemFromCart" finished-at="2025-03-04T23:39:59 GMT+06:00" duration-ms="1661" status="PASS">
          <reporter-output>
          </reporter-output>
        </test-method> <!-- verifyRemovingItemFromCart -->
        <test-method signature="verifyInsertingAddress()[pri:11, instance:com.ShoppingDemo.TestNG@65fb9ffc]" started-at="2025-03-04T23:39:59 GMT+06:00" name="verifyInsertingAddress" finished-at="2025-03-04T23:40:09 GMT+06:00" duration-ms="10131" status="PASS">
          <reporter-output>
          </reporter-output>
        </test-method> <!-- verifyInsertingAddress -->
        <test-method signature="socialMedia()[pri:12, instance:com.ShoppingDemo.TestNG@65fb9ffc]" started-at="2025-03-04T23:40:09 GMT+06:00" name="socialMedia" finished-at="2025-03-04T23:40:10 GMT+06:00" duration-ms="801" status="PASS">
          <reporter-output>
          </reporter-output>
        </test-method> <!-- socialMedia -->
        <test-method signature="verifyLogout()[pri:13, instance:com.ShoppingDemo.TestNG@65fb9ffc]" started-at="2025-03-04T23:40:10 GMT+06:00" name="verifyLogout" finished-at="2025-03-04T23:40:13 GMT+06:00" duration-ms="3299" status="PASS">
          <reporter-output>
          </reporter-output>
        </test-method> <!-- verifyLogout -->
        <test-method is-config="true" signature="tearDown()[pri:0, instance:com.ShoppingDemo.TestNG@65fb9ffc]" started-at="2025-03-04T23:40:13 GMT+06:00" name="tearDown" finished-at="2025-03-04T23:40:14 GMT+06:00" duration-ms="446" status="PASS">
          <reporter-output>
          </reporter-output>
        </test-method> <!-- tearDown -->
      </class> <!-- com.ShoppingDemo.TestNG -->
    </test> <!-- Default test -->
  </suite> <!-- Default suite -->
</testng-results>
